<?xml version="1.0" encoding="UTF-8"?>
<coverage generated="1767085623278" clover="3.2.0">
  <project timestamp="1767085623278" name="All files">
    <metrics statements="13" coveredstatements="13" conditionals="13" coveredconditionals="12" methods="4" coveredmethods="4" elements="30" coveredelements="29" complexity="0" loc="13" ncloc="13" packages="2" files="3" classes="3"/>
    <package name="jest-expo">
      <metrics statements="1" coveredstatements="1" conditionals="0" coveredconditionals="0" methods="1" coveredmethods="1"/>
      <file name="App.js" path="/Users/tausif/Codes/Ostad/react-native/jest-expo/App.js">
        <metrics statements="1" coveredstatements="1" conditionals="0" coveredconditionals="0" methods="1" coveredmethods="1"/>
        <line num="5" count="12" type="stmt"/>
      </file>
    </package>
    <package name="jest-expo.components">
      <metrics statements="12" coveredstatements="12" conditionals="13" coveredconditionals="12" methods="3" coveredmethods="3"/>
      <file name="HomeScreen.js" path="/Users/tausif/Codes/Ostad/react-native/jest-expo/components/HomeScreen.js">
        <metrics statements="2" coveredstatements="2" conditionals="0" coveredconditionals="0" methods="1" coveredmethods="1"/>
        <line num="4" count="20" type="stmt"/>
        <line num="12" count="2" type="stmt"/>
      </file>
      <file name="RegistrationForm.js" path="/Users/tausif/Codes/Ostad/react-native/jest-expo/components/RegistrationForm.js">
        <metrics statements="10" coveredstatements="10" conditionals="13" coveredconditionals="12" methods="2" coveredmethods="2"/>
        <line num="14" count="103" type="stmt"/>
        <line num="15" count="103" type="stmt"/>
        <line num="16" count="103" type="stmt"/>
        <line num="17" count="103" type="stmt"/>
        <line num="19" count="103" type="stmt"/>
        <line num="20" count="24" type="cond" truecount="5" falsecount="0"/>
        <line num="21" count="12" type="stmt"/>
        <line num="23" count="12" type="stmt"/>
        <line num="27" count="103" type="stmt"/>
        <line num="115" count="2" type="stmt"/>
      </file>
    </package>
  </project>
</coverage>
