{"/Users/tausif/Codes/Ostad/react-native/jest-expo/App.js": {"path":"/Users/tausif/Codes/Ostad/react-native/jest-expo/App.js","statementMap":{"0":{"start":{"line":5,"column":2},"end":{"line":5,"column":30}}},"fnMap":{"0":{"name":"App","decl":{"start":{"line":4,"column":24},"end":{"line":4,"column":27}},"loc":{"start":{"line":4,"column":30},"end":{"line":6,"column":1}},"line":4}},"branchMap":{},"s":{"0":12},"f":{"0":12},"b":{},"_coverageSchema":"1a1c01bbd47fc00a2c39e90264f33305004495a9","hash":"32da73be9aaf8b3ca550e0311ed77b20b7a91479"}
,"/Users/tausif/Codes/Ostad/react-native/jest-expo/components/HomeScreen.js": {"path":"/Users/tausif/Codes/Ostad/react-native/jest-expo/components/HomeScreen.js","statementMap":{"0":{"start":{"line":4,"column":4},"end":{"line":9,"column":6}},"1":{"start":{"line":12,"column":15},"end":{"line":18,"column":2}}},"fnMap":{"0":{"name":"HomeScreen","decl":{"start":{"line":3,"column":24},"end":{"line":3,"column":34}},"loc":{"start":{"line":3,"column":37},"end":{"line":10,"column":1}},"line":3}},"branchMap":{},"s":{"0":22,"1":3},"f":{"0":22},"b":{},"_coverageSchema":"1a1c01bbd47fc00a2c39e90264f33305004495a9","hash":"9177c2484fb968d3259e1ccfdbe05554be8fb284"}
,"/Users/tausif/Codes/Ostad/react-native/jest-expo/components/RegistrationForm.js": {"path":"/Users/tausif/Codes/Ostad/react-native/jest-expo/components/RegistrationForm.js","statementMap":{"0":{"start":{"line":14,"column":26},"end":{"line":14,"column":38}},"1":{"start":{"line":15,"column":28},"end":{"line":15,"column":40}},"2":{"start":{"line":16,"column":34},"end":{"line":16,"column":46}},"3":{"start":{"line":17,"column":32},"end":{"line":17,"column":44}},"4":{"start":{"line":19,"column":23},"end":{"line":25,"column":3}},"5":{"start":{"line":20,"column":4},"end":{"line":24,"column":5}},"6":{"start":{"line":21,"column":6},"end":{"line":21,"column":44}},"7":{"start":{"line":23,"column":6},"end":{"line":23,"column":42}},"8":{"start":{"line":27,"column":2},"end":{"line":112,"column":4}},"9":{"start":{"line":115,"column":15},"end":{"line":214,"column":2}}},"fnMap":{"0":{"name":"RegistrationForm","decl":{"start":{"line":13,"column":24},"end":{"line":13,"column":40}},"loc":{"start":{"line":13,"column":43},"end":{"line":113,"column":1}},"line":13},"1":{"name":"(anonymous_1)","decl":{"start":{"line":19,"column":23},"end":{"line":19,"column":24}},"loc":{"start":{"line":19,"column":29},"end":{"line":25,"column":3}},"line":19}},"branchMap":{"0":{"loc":{"start":{"line":20,"column":4},"end":{"line":24,"column":5}},"type":"if","locations":[{"start":{"line":20,"column":4},"end":{"line":24,"column":5}},{"start":{"line":22,"column":11},"end":{"line":24,"column":5}}],"line":20},"1":{"loc":{"start":{"line":20,"column":8},"end":{"line":20,"column":36}},"type":"binary-expr","locations":[{"start":{"line":20,"column":8},"end":{"line":20,"column":13}},{"start":{"line":20,"column":17},"end":{"line":20,"column":23}},{"start":{"line":20,"column":27},"end":{"line":20,"column":36}}],"line":20},"2":{"loc":{"start":{"line":30,"column":16},"end":{"line":30,"column":60}},"type":"cond-expr","locations":[{"start":{"line":30,"column":40},"end":{"line":30,"column":49}},{"start":{"line":30,"column":52},"end":{"line":30,"column":60}}],"line":30},"3":{"loc":{"start":{"line":87,"column":11},"end":{"line":108,"column":18}},"type":"cond-expr","locations":[{"start":{"line":88,"column":12},"end":{"line":107,"column":19}},{"start":{"line":108,"column":14},"end":{"line":108,"column":18}}],"line":87},"4":{"loc":{"start":{"line":91,"column":16},"end":{"line":93,"column":41}},"type":"cond-expr","locations":[{"start":{"line":92,"column":20},"end":{"line":92,"column":39}},{"start":{"line":93,"column":20},"end":{"line":93,"column":41}}],"line":91},"5":{"loc":{"start":{"line":100,"column":18},"end":{"line":102,"column":40}},"type":"cond-expr","locations":[{"start":{"line":101,"column":22},"end":{"line":101,"column":38}},{"start":{"line":102,"column":22},"end":{"line":102,"column":40}}],"line":100}},"s":{"0":111,"1":111,"2":111,"3":111,"4":111,"5":26,"6":13,"7":13,"8":111,"9":4},"f":{"0":111,"1":26},"b":{"0":[13,13],"1":[26,16,14],"2":[111,0],"3":[33,78],"4":[20,13],"5":[20,13]},"_coverageSchema":"1a1c01bbd47fc00a2c39e90264f33305004495a9","hash":"82ae41ce0ad15c22b81be09516756677cdebee48"}
,"/Users/tausif/Codes/Ostad/react-native/jest-expo/utils/math.js": {"path":"/Users/tausif/Codes/Ostad/react-native/jest-expo/utils/math.js","statementMap":{"0":{"start":{"line":1,"column":19},"end":{"line":1,"column":34}},"1":{"start":{"line":1,"column":29},"end":{"line":1,"column":34}},"2":{"start":{"line":3,"column":24},"end":{"line":3,"column":39}},"3":{"start":{"line":3,"column":34},"end":{"line":3,"column":39}},"4":{"start":{"line":5,"column":24},"end":{"line":5,"column":39}},"5":{"start":{"line":5,"column":34},"end":{"line":5,"column":39}},"6":{"start":{"line":7,"column":22},"end":{"line":7,"column":37}},"7":{"start":{"line":7,"column":32},"end":{"line":7,"column":37}}},"fnMap":{"0":{"name":"(anonymous_0)","decl":{"start":{"line":1,"column":19},"end":{"line":1,"column":20}},"loc":{"start":{"line":1,"column":29},"end":{"line":1,"column":34}},"line":1},"1":{"name":"(anonymous_1)","decl":{"start":{"line":3,"column":24},"end":{"line":3,"column":25}},"loc":{"start":{"line":3,"column":34},"end":{"line":3,"column":39}},"line":3},"2":{"name":"(anonymous_2)","decl":{"start":{"line":5,"column":24},"end":{"line":5,"column":25}},"loc":{"start":{"line":5,"column":34},"end":{"line":5,"column":39}},"line":5},"3":{"name":"(anonymous_3)","decl":{"start":{"line":7,"column":22},"end":{"line":7,"column":23}},"loc":{"start":{"line":7,"column":32},"end":{"line":7,"column":37}},"line":7}},"branchMap":{},"s":{"0":1,"1":1,"2":1,"3":1,"4":1,"5":1,"6":1,"7":1},"f":{"0":1,"1":1,"2":1,"3":1},"b":{},"_coverageSchema":"1a1c01bbd47fc00a2c39e90264f33305004495a9","hash":"c0ae46fe55242804b8177d2f330f1d3ad3e6cf3a"}
}
