TN:
SF:App.js
FN:4,App
FNF:1
FNH:1
FNDA:12,App
DA:5,12
LF:1
LH:1
BRF:0
BRH:0
end_of_record
TN:
SF:components/HomeScreen.js
FN:3,HomeScreen
FNF:1
FNH:1
FNDA:20,HomeScreen
DA:4,20
DA:12,2
LF:2
LH:2
BRF:0
BRH:0
end_of_record
TN:
SF:components/RegistrationForm.js
FN:13,RegistrationForm
FN:19,(anonymous_1)
FNF:2
FNH:2
FNDA:103,RegistrationForm
FNDA:24,(anonymous_1)
DA:14,103
DA:15,103
DA:16,103
DA:17,103
DA:19,103
DA:20,24
DA:21,12
DA:23,12
DA:27,103
DA:115,2
LF:10
LH:10
BRDA:20,0,0,12
BRDA:20,0,1,12
BRDA:20,1,0,24
BRDA:20,1,1,15
BRDA:20,1,2,13
BRDA:30,2,0,103
BRDA:30,2,1,0
BRDA:87,3,0,31
BRDA:87,3,1,72
BRDA:91,4,0,19
BRDA:91,4,1,12
BRDA:100,5,0,19
BRDA:100,5,1,12
BRF:13
BRH:12
end_of_record
