TN:
SF:App.js
FN:4,App
FNF:1
FNH:1
FNDA:12,App
DA:5,12
LF:1
LH:1
BRF:0
BRH:0
end_of_record
TN:
SF:components/HomeScreen.js
FN:3,HomeScreen
FNF:1
FNH:1
FNDA:22,HomeScreen
DA:4,22
DA:12,3
LF:2
LH:2
BRF:0
BRH:0
end_of_record
TN:
SF:components/RegistrationForm.js
FN:13,RegistrationForm
FN:19,(anonymous_1)
FNF:2
FNH:2
FNDA:111,RegistrationForm
FNDA:26,(anonymous_1)
DA:14,111
DA:15,111
DA:16,111
DA:17,111
DA:19,111
DA:20,26
DA:21,13
DA:23,13
DA:27,111
DA:115,4
LF:10
LH:10
BRDA:20,0,0,13
BRDA:20,0,1,13
BRDA:20,1,0,26
BRDA:20,1,1,16
BRDA:20,1,2,14
BRDA:30,2,0,111
BRDA:30,2,1,0
BRDA:87,3,0,33
BRDA:87,3,1,78
BRDA:91,4,0,20
BRDA:91,4,1,13
BRDA:100,5,0,20
BRDA:100,5,1,13
BRF:13
BRH:12
end_of_record
TN:
SF:utils/math.js
FN:1,(anonymous_0)
FN:3,(anonymous_1)
FN:5,(anonymous_2)
FN:7,(anonymous_3)
FNF:4
FNH:4
FNDA:1,(anonymous_0)
FNDA:1,(anonymous_1)
FNDA:1,(anonymous_2)
FNDA:1,(anonymous_3)
DA:1,1
DA:3,1
DA:5,1
DA:7,1
LF:4
LH:4
BRF:0
BRH:0
end_of_record
